Performing C SOURCE FILE Test OPUS_ARM_MAY_HAVE_AARCH64_NEON_INTR failed with the following output:
Change Dir: /Users/bhavesh/Desktop/LinphoneV4/linphone-iphone/WORK/ios-armv7/Build/opus/CMakeFiles/CMakeTmp

Run Build Command:"/usr/bin/make" "cmTC_f65e2/fast"
/Applications/Xcode.app/Contents/Developer/usr/bin/make -f CMakeFiles/cmTC_f65e2.dir/build.make CMakeFiles/cmTC_f65e2.dir/build
Building C object CMakeFiles/cmTC_f65e2.dir/src.c.o
/Applications/Xcode.app/Contents/Developer/Toolchains/XcodeDefault.xctoolchain/usr/bin/clang --target=armv7-apple-darwin   -DOPUS_ARM_MAY_HAVE_AARCH64_NEON_INTR -arch armv7 -isysroot /Applications/Xcode.app/Contents/Developer/Platforms/iPhoneOS.platform/Developer/SDKs/iPhoneOS11.3.sdk   -o CMakeFiles/cmTC_f65e2.dir/src.c.o   -c /Users/bhavesh/Desktop/LinphoneV4/linphone-iphone/WORK/ios-armv7/Build/opus/CMakeFiles/CMakeTmp/src.c
/Users/bhavesh/Desktop/LinphoneV4/linphone-iphone/WORK/ios-armv7/Build/opus/CMakeFiles/CMakeTmp/src.c:6:8: warning: implicit declaration of function 'vqmovns_s32' is invalid in C99 [-Wimplicit-function-declaration]
        OUT = vqmovns_s32(IN);
              ^
1 warning generated.
Linking C executable cmTC_f65e2
/usr/local/Cellar/cmake/3.11.0/bin/cmake -E cmake_link_script CMakeFiles/cmTC_f65e2.dir/link.txt --verbose=1
/Applications/Xcode.app/Contents/Developer/Toolchains/XcodeDefault.xctoolchain/usr/bin/clang --target=armv7-apple-darwin  -DOPUS_ARM_MAY_HAVE_AARCH64_NEON_INTR -arch armv7 -isysroot /Applications/Xcode.app/Contents/Developer/Platforms/iPhoneOS.platform/Developer/SDKs/iPhoneOS11.3.sdk -Wl,-search_paths_first -Wl,-headerpad_max_install_names   CMakeFiles/cmTC_f65e2.dir/src.c.o  -o cmTC_f65e2 
Undefined symbols for architecture armv7:
  "_vqmovns_s32", referenced from:
      _main in src.c.o
ld: symbol(s) not found for architecture armv7
clang: error: linker command failed with exit code 1 (use -v to see invocation)
make[5]: *** [cmTC_f65e2] Error 1
make[4]: *** [cmTC_f65e2/fast] Error 2

Source file was:

#include <arm_neon.h>
int main(int argc, char *argv[]) {
	static int32_t IN;
	static int16_t OUT;
	OUT = vqmovns_s32(IN);
}
Performing C SOURCE FILE Test OPUS_ARM_MAY_HAVE_AARCH64_NEON_INTR_FLAGS failed with the following output:
Change Dir: /Users/bhavesh/Desktop/LinphoneV4/linphone-iphone/WORK/ios-armv7/Build/opus/CMakeFiles/CMakeTmp

Run Build Command:"/usr/bin/make" "cmTC_48291/fast"
/Applications/Xcode.app/Contents/Developer/usr/bin/make -f CMakeFiles/cmTC_48291.dir/build.make CMakeFiles/cmTC_48291.dir/build
Building C object CMakeFiles/cmTC_48291.dir/src.c.o
/Applications/Xcode.app/Contents/Developer/Toolchains/XcodeDefault.xctoolchain/usr/bin/clang --target=armv7-apple-darwin   -DOPUS_ARM_MAY_HAVE_AARCH64_NEON_INTR_FLAGS -mfpu=neon -arch armv7 -isysroot /Applications/Xcode.app/Contents/Developer/Platforms/iPhoneOS.platform/Developer/SDKs/iPhoneOS11.3.sdk   -o CMakeFiles/cmTC_48291.dir/src.c.o   -c /Users/bhavesh/Desktop/LinphoneV4/linphone-iphone/WORK/ios-armv7/Build/opus/CMakeFiles/CMakeTmp/src.c
/Users/bhavesh/Desktop/LinphoneV4/linphone-iphone/WORK/ios-armv7/Build/opus/CMakeFiles/CMakeTmp/src.c:6:8: warning: implicit declaration of function 'vqmovns_s32' is invalid in C99 [-Wimplicit-function-declaration]
        OUT = vqmovns_s32(IN);
              ^
1 warning generated.
Linking C executable cmTC_48291
/usr/local/Cellar/cmake/3.11.0/bin/cmake -E cmake_link_script CMakeFiles/cmTC_48291.dir/link.txt --verbose=1
/Applications/Xcode.app/Contents/Developer/Toolchains/XcodeDefault.xctoolchain/usr/bin/clang --target=armv7-apple-darwin  -DOPUS_ARM_MAY_HAVE_AARCH64_NEON_INTR_FLAGS -mfpu=neon -arch armv7 -isysroot /Applications/Xcode.app/Contents/Developer/Platforms/iPhoneOS.platform/Developer/SDKs/iPhoneOS11.3.sdk -Wl,-search_paths_first -Wl,-headerpad_max_install_names   CMakeFiles/cmTC_48291.dir/src.c.o  -o cmTC_48291 
Undefined symbols for architecture armv7:
  "_vqmovns_s32", referenced from:
      _main in src.c.o
ld: symbol(s) not found for architecture armv7
clang: error: linker command failed with exit code 1 (use -v to see invocation)
make[5]: *** [cmTC_48291] Error 1
make[4]: *** [cmTC_48291/fast] Error 2

Source file was:

#include <arm_neon.h>
int main(int argc, char *argv[]) {
	static int32_t IN;
	static int16_t OUT;
	OUT = vqmovns_s32(IN);
}
